INFO: [VRFC 10-2263] Analyzing Verilog file "D:/ysy/comp2012/proj_miniRV/proj_single_cycle/proj_single_cycle.srcs/sources_1/ip/DRAM/sim/DRAM.v" into library xil_defaultlib
INFO: [VRFC 10-311] analyzing module DRAM
INFO: [VRFC 10-2263] Analyzing Verilog file "D:/ysy/comp2012/proj_miniRV/proj_single_cycle/proj_single_cycle.srcs/sources_1/ip/IROM/sim/IROM.v" into library xil_defaultlib
INFO: [VRFC 10-311] analyzing module IROM
INFO: [VRFC 10-2263] Analyzing Verilog file "D:/ysy/comp2012/proj_miniRV/proj_single_cycle/proj_single_cycle.srcs/sources_1/ip/cpuclk/cpuclk_clk_wiz.v" into library xil_defaultlib
INFO: [VRFC 10-311] analyzing module cpuclk_clk_wiz
INFO: [VRFC 10-2263] Analyzing Verilog file "D:/ysy/comp2012/proj_miniRV/proj_single_cycle/proj_single_cycle.srcs/sources_1/ip/cpuclk/cpuclk.v" into library xil_defaultlib
INFO: [VRFC 10-311] analyzing module cpuclk
INFO: [VRFC 10-2263] Analyzing Verilog file "D:/ysy/comp2012/proj_miniRV/proj_single_cycle/proj_single_cycle.srcs/sources_1/new/ALU.v" into library xil_defaultlib
INFO: [VRFC 10-311] analyzing module ALU
INFO: [VRFC 10-2263] Analyzing Verilog file "D:/ysy/comp2012/proj_miniRV/proj_single_cycle/proj_single_cycle.srcs/sources_1/new/ALUB_SEL.v" into library xil_defaultlib
INFO: [VRFC 10-311] analyzing module ALUB_SEL
INFO: [VRFC 10-2263] Analyzing Verilog file "D:/ysy/comp2012/proj_miniRV/proj_single_cycle/proj_single_cycle.srcs/sources_1/new/BUTTON.v" into library xil_defaultlib
INFO: [VRFC 10-311] analyzing module BUTTON
INFO: [VRFC 10-2263] Analyzing Verilog file "D:/ysy/comp2012/proj_miniRV/proj_single_cycle/proj_single_cycle.srcs/sources_1/new/Bridge.v" into library xil_defaultlib
INFO: [VRFC 10-311] analyzing module Bridge
INFO: [VRFC 10-2263] Analyzing Verilog file "D:/ysy/comp2012/proj_miniRV/proj_single_cycle/proj_single_cycle.srcs/sources_1/new/CONTROLLER.v" into library xil_defaultlib
INFO: [VRFC 10-311] analyzing module CONTROLLER
INFO: [VRFC 10-2263] Analyzing Verilog file "D:/ysy/comp2012/proj_miniRV/proj_single_cycle/proj_single_cycle.srcs/sources_1/new/DIGITAL_LED.v" into library xil_defaultlib
INFO: [VRFC 10-311] analyzing module DIGITAL_LED
INFO: [VRFC 10-2263] Analyzing Verilog file "D:/ysy/comp2012/proj_miniRV/proj_single_cycle/proj_single_cycle.srcs/sources_1/new/LED.v" into library xil_defaultlib
INFO: [VRFC 10-311] analyzing module LED
INFO: [VRFC 10-2263] Analyzing Verilog file "D:/ysy/comp2012/proj_miniRV/proj_single_cycle/proj_single_cycle.srcs/sources_1/new/NPC.v" into library xil_defaultlib
INFO: [VRFC 10-311] analyzing module NPC
INFO: [VRFC 10-2263] Analyzing Verilog file "D:/ysy/comp2012/proj_miniRV/proj_single_cycle/proj_single_cycle.srcs/sources_1/new/PC.v" into library xil_defaultlib
INFO: [VRFC 10-311] analyzing module PC
INFO: [VRFC 10-2263] Analyzing Verilog file "D:/ysy/comp2012/proj_miniRV/proj_single_cycle/proj_single_cycle.srcs/sources_1/new/RF.V" into library xil_defaultlib
INFO: [VRFC 10-311] analyzing module RF
INFO: [VRFC 10-2263] Analyzing Verilog file "D:/ysy/comp2012/proj_miniRV/proj_single_cycle/proj_single_cycle.srcs/sources_1/new/RF_WSEL.v" into library xil_defaultlib
INFO: [VRFC 10-311] analyzing module RF_WSEL
INFO: [VRFC 10-2263] Analyzing Verilog file "D:/ysy/comp2012/proj_miniRV/proj_single_cycle/proj_single_cycle.srcs/sources_1/new/SEXT.v" into library xil_defaultlib
INFO: [VRFC 10-311] analyzing module SEXT
INFO: [VRFC 10-2263] Analyzing Verilog file "D:/ysy/comp2012/proj_miniRV/proj_single_cycle/proj_single_cycle.srcs/sources_1/new/SWITCH.v" into library xil_defaultlib
INFO: [VRFC 10-311] analyzing module SWITCH
INFO: [VRFC 10-2263] Analyzing Verilog file "D:/ysy/comp2012/proj_miniRV/proj_single_cycle/proj_single_cycle.srcs/sources_1/new/miniRV_SoC.v" into library xil_defaultlib
INFO: [VRFC 10-311] analyzing module miniRV_SoC
INFO: [VRFC 10-2263] Analyzing Verilog file "D:/ysy/comp2012/proj_miniRV/proj_single_cycle/proj_single_cycle.srcs/sources_1/new/myCPU.v" into library xil_defaultlib
INFO: [VRFC 10-311] analyzing module myCPU
INFO: [VRFC 10-2263] Analyzing Verilog file "D:/ysy/comp2012/proj_miniRV/proj_single_cycle/proj_single_cycle.srcs/sim_1/new/miniRV_sim.v" into library xil_defaultlib
INFO: [VRFC 10-311] analyzing module miniRV_sim
