#-----------------------------------------------------------
# Vivado v2018.3 (64-bit)
# SW Build 2405991 on Thu Dec  6 23:38:27 MST 2018
# IP Build 2404404 on Fri Dec  7 01:43:56 MST 2018
# Start of session at: Sun Jul 16 15:53:02 2023
# Process ID: 11960
# Current directory: D:/ysy/proj_single_cycle
# Command line: vivado.exe -gui_launcher_event rodinguilauncherevent2448 D:\ysy\proj_single_cycle\proj_pipeline.xpr
# Log file: D:/ysy/proj_single_cycle/vivado.log
# Journal file: D:/ysy/proj_single_cycle\vivado.jou
#-----------------------------------------------------------
start_gui
open_project D:/ysy/proj_single_cycle/proj_pipeline.xpr
INFO: [Project 1-313] Project file moved from 'D:/ysy' since last save.
Scanning sources...
Finished scanning sources
INFO: [IP_Flow 19-234] Refreshing IP repositories
INFO: [IP_Flow 19-1704] No user IP repositories specified
INFO: [Common 17-41] Interrupt caught. Command should exit soon.
INFO: [IP_Flow 19-2313] Loaded Vivado IP repository 'C:/Xilinx/Vivado/2018.3/data/ip'.
INFO: [Common 17-344] 'open_project' was cancelled
exit
INFO: [Common 17-206] Exiting Vivado at Sun Jul 16 15:53:12 2023...
